15:42:18.500 [main] TRACE - Resolving type for handle ctfills2c6ftype
15:42:18.504 [main] TRACE - Resolving type for handle ctfill550ctype
15:42:18.505 [main] TRACE - Resolving type for handle ctborders0d66type
15:42:18.506 [main] TRACE - Resolving type for handle ctborderf935type
15:42:18.507 [main] TRACE - Resolving type for handle ctcellxfs1322type
15:42:18.508 [main] TRACE - Resolving type for handle ctxf97f7type
15:42:18.508 [main] TRACE - Resolving type for handle ctcellstylexfsa81ftype
15:42:18.509 [main] TRACE - Resolving type for handle cttablestyles872ftype
15:42:18.510 [main] TRACE - Resolving type for handle workbookec17doctype
15:42:18.511 [main] TRACE - Resolving type for handle ctworkbook83c3type
15:42:18.513 [main] TRACE - Resolving type for handle ctsheets49fdtype
15:42:18.513 [main] TRACE - Resolving type for handle ctsheet4dbetype
15:42:18.514 [main] TRACE - Resolving type for handle strelationshipid1e94type
15:42:18.514 [main] TRACE - Resolving type for handle worksheetf539doctype
15:42:18.516 [main] TRACE - Resolving type for handle ctworksheet530dtype
15:42:18.519 [main] TRACE - Resolving type for handle ctcols627ctype
15:42:18.520 [main] TRACE - Resolving type for handle ctcola95ftype
15:42:18.525 [main] TRACE - Resolving type for handle ctsheetdata8408type
15:42:18.526 [main] TRACE - Resolving type for handle ctrowdd39type
15:42:18.527 [main] TRACE - Resolving type for handle ctcell842btype
15:42:18.529 [main] TRACE - Resolving type for handle stcellrefe4e0type
15:42:18.531 [main] TRACE - Resolving type for handle cthyperlinks6416type
15:42:18.532 [main] TRACE - Resolving type for handle cthyperlink0c85type
15:42:18.534 [main] TRACE - Resolving type for handle stcelltypebf95type
15:42:27.604 [main] INFO  - GoTo my account > Click on Login button
15:42:27.964 [main] DEBUG - Parsing relationship: /xl/_rels/workbook.xml.rels
15:42:27.965 [main] DEBUG - Parsing relationship: /xl/worksheets/_rels/sheet1.xml.rels
15:42:27.966 [main] DEBUG - Parsing relationship: /_rels/.rels
15:42:32.992 [main] INFO  - GoTo my account > Click on Login button
15:42:33.428 [main] DEBUG - Parsing relationship: /xl/_rels/workbook.xml.rels
15:42:33.428 [main] DEBUG - Parsing relationship: /xl/worksheets/_rels/sheet1.xml.rels
15:42:33.429 [main] DEBUG - Parsing relationship: /_rels/.rels
15:42:38.580 [main] INFO  - GoTo my account > Click on Login button
15:42:38.956 [main] DEBUG - Parsing relationship: /xl/_rels/workbook.xml.rels
15:42:38.956 [main] DEBUG - Parsing relationship: /xl/worksheets/_rels/sheet1.xml.rels
15:42:38.957 [main] DEBUG - Parsing relationship: /_rels/.rels
15:42:48.272 [main] INFO  - GoTo my account > Click on Login button
15:42:48.658 [main] DEBUG - Parsing relationship: /xl/_rels/workbook.xml.rels
15:42:48.659 [main] DEBUG - Parsing relationship: /xl/worksheets/_rels/sheet1.xml.rels
15:42:48.659 [main] DEBUG - Parsing relationship: /_rels/.rels
15:49:32.468 [main] INFO  - GoTo my account > Click on Login button
15:49:32.847 [main] INFO  - Enter Email and Password
15:49:34.085 [main] INFO  - Click on Login button
15:49:34.111 [main] INFO  - Sucessfully reached My Accout Page
15:49:37.609 [main] INFO  - GoTo my account > Click on Login button
15:49:37.995 [main] INFO  - Enter Email and Password
15:49:38.680 [main] INFO  - Click on Login button
15:49:38.695 [main] INFO  - Login Failed
15:49:41.994 [main] INFO  - GoTo my account > Click on Login button
15:49:42.362 [main] INFO  - Enter Email and Password
15:49:43.404 [main] INFO  - Click on Login button
15:49:48.458 [main] INFO  - Login Failed
15:49:51.391 [main] INFO  - GoTo my account > Click on Login button
15:49:51.760 [main] INFO  - Enter Email and Password
15:49:52.446 [main] INFO  - Click on Login button
15:49:52.464 [main] INFO  - Login Failed
15:49:55.189 [main] INFO  - GoTo my account > Click on Login button
15:49:55.600 [main] DEBUG - Parsing relationship: /xl/_rels/workbook.xml.rels
15:49:55.600 [main] DEBUG - Parsing relationship: /xl/worksheets/_rels/sheet1.xml.rels
15:49:55.601 [main] DEBUG - Parsing relationship: /_rels/.rels
15:49:55.656 [main] TRACE - Loading type system org.apache.poi.schemas.ooxml.system.ooxml
15:49:55.657 [main] TRACE - Loading type system org.apache.xmlbeans.metadata.system.sXMLCONFIG
15:49:55.660 [main] TRACE - Loading type system org.apache.xmlbeans.metadata.system.sXMLLANG
15:49:55.661 [main] TRACE - Loading type system org.apache.xmlbeans.metadata.system.sXMLSCHEMA
15:49:55.661 [main] TRACE - Loading type system org.apache.xmlbeans.metadata.system.sXMLTOOLS
15:49:55.661 [main] TRACE - Reading unresolved handles for type system org.apache.xmlbeans.metadata.system.sXMLTOOLS
15:49:55.667 [main] TRACE - Finished loading type system org.apache.xmlbeans.metadata.system.sXMLTOOLS
15:49:55.667 [main] TRACE - Reading unresolved handles for type system org.apache.xmlbeans.metadata.system.sXMLSCHEMA
15:49:55.670 [main] TRACE - Finished loading type system org.apache.xmlbeans.metadata.system.sXMLSCHEMA
15:49:55.670 [main] TRACE - Reading unresolved handles for type system org.apache.xmlbeans.metadata.system.sXMLLANG
15:49:55.670 [main] TRACE - Finished loading type system org.apache.xmlbeans.metadata.system.sXMLLANG
15:49:55.670 [main] TRACE - Reading unresolved handles for type system org.apache.xmlbeans.metadata.system.sXMLCONFIG
15:49:55.671 [main] TRACE - Finished loading type system org.apache.xmlbeans.metadata.system.sXMLCONFIG
15:49:55.671 [main] TRACE - Reading unresolved handles for type system org.apache.poi.schemas.ooxml.system.ooxml
15:49:55.699 [main] TRACE - Finished loading type system org.apache.poi.schemas.ooxml.system.ooxml
15:49:55.699 [main] TRACE - Resolving type for handle themefd26doctype
15:49:55.718 [main] TRACE - Resolving type for handle sstf81fdoctype
15:49:55.720 [main] TRACE - Resolving type for handle ctsst44f3type
15:49:55.724 [main] TRACE - Resolving type for handle ctrsta472type
15:49:55.731 [main] TRACE - Resolving type for handle stylesheet5d8bdoctype
15:49:55.737 [main] TRACE - Resolving type for handle ctstylesheet4257type
15:49:55.738 [main] TRACE - Resolving type for handle ctnumfmtsb58btype
15:49:55.739 [main] TRACE - Resolving type for handle ctnumfmt3870type
15:49:55.740 [main] TRACE - Resolving type for handle stnumfmtid76fbtype
15:49:55.740 [main] TRACE - Resolving type for handle stxstringf179type
15:49:55.741 [main] TRACE - Resolving type for handle ctfonts6623type
15:49:55.742 [main] TRACE - Resolving type for handle ctfont14d8type
15:49:55.744 [main] TRACE - Resolving type for handle ctfills2c6ftype
15:49:55.745 [main] TRACE - Resolving type for handle ctfill550ctype
15:49:55.746 [main] TRACE - Resolving type for handle ctborders0d66type
15:49:55.746 [main] TRACE - Resolving type for handle ctborderf935type
15:49:55.747 [main] TRACE - Resolving type for handle ctcellxfs1322type
15:49:55.748 [main] TRACE - Resolving type for handle ctxf97f7type
15:49:55.749 [main] TRACE - Resolving type for handle ctcellstylexfsa81ftype
15:49:55.750 [main] TRACE - Resolving type for handle cttablestyles872ftype
15:49:55.751 [main] TRACE - Resolving type for handle workbookec17doctype
15:49:55.752 [main] TRACE - Resolving type for handle ctworkbook83c3type
15:49:55.754 [main] TRACE - Resolving type for handle ctsheets49fdtype
15:49:55.755 [main] TRACE - Resolving type for handle ctsheet4dbetype
15:49:55.755 [main] TRACE - Resolving type for handle strelationshipid1e94type
15:49:55.756 [main] TRACE - Resolving type for handle worksheetf539doctype
15:49:55.757 [main] TRACE - Resolving type for handle ctworksheet530dtype
15:49:55.760 [main] TRACE - Resolving type for handle ctcols627ctype
15:49:55.762 [main] TRACE - Resolving type for handle ctcola95ftype
15:49:55.766 [main] TRACE - Resolving type for handle ctsheetdata8408type
15:49:55.767 [main] TRACE - Resolving type for handle ctrowdd39type
15:49:55.769 [main] TRACE - Resolving type for handle ctcell842btype
15:49:55.771 [main] TRACE - Resolving type for handle stcellrefe4e0type
15:49:55.773 [main] TRACE - Resolving type for handle cthyperlinks6416type
15:49:55.773 [main] TRACE - Resolving type for handle cthyperlink0c85type
15:49:55.776 [main] TRACE - Resolving type for handle stcelltypebf95type
15:50:05.662 [main] INFO  - GoTo my account > Click on Login button
15:50:06.188 [main] DEBUG - Parsing relationship: /xl/_rels/workbook.xml.rels
15:50:06.188 [main] DEBUG - Parsing relationship: /xl/worksheets/_rels/sheet1.xml.rels
15:50:06.189 [main] DEBUG - Parsing relationship: /_rels/.rels
15:50:11.350 [main] INFO  - GoTo my account > Click on Login button
15:50:11.774 [main] DEBUG - Parsing relationship: /xl/_rels/workbook.xml.rels
15:50:11.774 [main] DEBUG - Parsing relationship: /xl/worksheets/_rels/sheet1.xml.rels
15:50:11.775 [main] DEBUG - Parsing relationship: /_rels/.rels
15:50:16.189 [main] INFO  - GoTo my account > Click on Login button
15:50:16.583 [main] DEBUG - Parsing relationship: /xl/_rels/workbook.xml.rels
15:50:16.583 [main] DEBUG - Parsing relationship: /xl/worksheets/_rels/sheet1.xml.rels
15:50:16.584 [main] DEBUG - Parsing relationship: /_rels/.rels
15:50:25.707 [main] INFO  - GoTo my account > Click on Login button
15:50:26.108 [main] DEBUG - Parsing relationship: /xl/_rels/workbook.xml.rels
15:50:26.108 [main] DEBUG - Parsing relationship: /xl/worksheets/_rels/sheet1.xml.rels
15:50:26.108 [main] DEBUG - Parsing relationship: /_rels/.rels
15:56:58.041 [main] INFO  - GoTo my account > Click on Login button
15:56:58.695 [main] INFO  - Enter Email and Password
15:56:59.983 [main] INFO  - Click on Login button
15:57:00.161 [main] INFO  - Sucessfully reached My Accout Page
15:57:03.204 [main] INFO  - GoTo my account > Click on Login button
15:57:03.772 [main] INFO  - Enter Email and Password
15:57:05.134 [main] INFO  - Click on Login button
15:57:10.333 [main] INFO  - Login Failed
15:57:14.523 [main] INFO  - GoTo my account > Click on Login button
15:57:15.173 [main] INFO  - Enter Email and Password
15:57:16.807 [main] INFO  - Click on Login button
15:57:21.975 [main] INFO  - Login Failed
15:57:25.281 [main] INFO  - GoTo my account > Click on Login button
15:57:25.818 [main] INFO  - Enter Email and Password
15:57:26.657 [main] INFO  - Click on Login button
15:57:26.830 [main] INFO  - Login Failed
15:57:30.186 [main] INFO  - GoTo my account > Click on Login button
15:57:30.796 [main] DEBUG - Parsing relationship: /xl/_rels/workbook.xml.rels
15:57:30.797 [main] DEBUG - Parsing relationship: /xl/worksheets/_rels/sheet1.xml.rels
15:57:30.798 [main] DEBUG - Parsing relationship: /_rels/.rels
15:57:30.850 [main] TRACE - Loading type system org.apache.poi.schemas.ooxml.system.ooxml
15:57:30.852 [main] TRACE - Loading type system org.apache.xmlbeans.metadata.system.sXMLCONFIG
15:57:30.852 [main] TRACE - Loading type system org.apache.xmlbeans.metadata.system.sXMLLANG
15:57:30.852 [main] TRACE - Loading type system org.apache.xmlbeans.metadata.system.sXMLSCHEMA
15:57:30.852 [main] TRACE - Loading type system org.apache.xmlbeans.metadata.system.sXMLTOOLS
15:57:30.853 [main] TRACE - Reading unresolved handles for type system org.apache.xmlbeans.metadata.system.sXMLTOOLS
15:57:30.857 [main] TRACE - Finished loading type system org.apache.xmlbeans.metadata.system.sXMLTOOLS
15:57:30.857 [main] TRACE - Reading unresolved handles for type system org.apache.xmlbeans.metadata.system.sXMLSCHEMA
15:57:30.859 [main] TRACE - Finished loading type system org.apache.xmlbeans.metadata.system.sXMLSCHEMA
15:57:30.859 [main] TRACE - Reading unresolved handles for type system org.apache.xmlbeans.metadata.system.sXMLLANG
15:57:30.860 [main] TRACE - Finished loading type system org.apache.xmlbeans.metadata.system.sXMLLANG
15:57:30.860 [main] TRACE - Reading unresolved handles for type system org.apache.xmlbeans.metadata.system.sXMLCONFIG
15:57:30.860 [main] TRACE - Finished loading type system org.apache.xmlbeans.metadata.system.sXMLCONFIG
15:57:30.860 [main] TRACE - Reading unresolved handles for type system org.apache.poi.schemas.ooxml.system.ooxml
15:57:30.888 [main] TRACE - Finished loading type system org.apache.poi.schemas.ooxml.system.ooxml
15:57:30.888 [main] TRACE - Resolving type for handle themefd26doctype
15:57:30.906 [main] TRACE - Resolving type for handle sstf81fdoctype
15:57:30.908 [main] TRACE - Resolving type for handle ctsst44f3type
15:57:30.912 [main] TRACE - Resolving type for handle ctrsta472type
15:57:30.918 [main] TRACE - Resolving type for handle stylesheet5d8bdoctype
15:57:30.924 [main] TRACE - Resolving type for handle ctstylesheet4257type
15:57:30.926 [main] TRACE - Resolving type for handle ctnumfmtsb58btype
15:57:30.927 [main] TRACE - Resolving type for handle ctnumfmt3870type
15:57:30.927 [main] TRACE - Resolving type for handle stnumfmtid76fbtype
15:57:30.928 [main] TRACE - Resolving type for handle stxstringf179type
15:57:30.928 [main] TRACE - Resolving type for handle ctfonts6623type
15:57:30.929 [main] TRACE - Resolving type for handle ctfont14d8type
15:57:30.931 [main] TRACE - Resolving type for handle ctfills2c6ftype
15:57:30.932 [main] TRACE - Resolving type for handle ctfill550ctype
15:57:30.932 [main] TRACE - Resolving type for handle ctborders0d66type
15:57:30.933 [main] TRACE - Resolving type for handle ctborderf935type
15:57:30.934 [main] TRACE - Resolving type for handle ctcellxfs1322type
15:57:30.935 [main] TRACE - Resolving type for handle ctxf97f7type
15:57:30.936 [main] TRACE - Resolving type for handle ctcellstylexfsa81ftype
15:57:30.936 [main] TRACE - Resolving type for handle cttablestyles872ftype
15:57:30.938 [main] TRACE - Resolving type for handle workbookec17doctype
15:57:30.940 [main] TRACE - Resolving type for handle ctworkbook83c3type
15:57:30.941 [main] TRACE - Resolving type for handle ctsheets49fdtype
15:57:30.942 [main] TRACE - Resolving type for handle ctsheet4dbetype
15:57:30.942 [main] TRACE - Resolving type for handle strelationshipid1e94type
15:57:30.943 [main] TRACE - Resolving type for handle worksheetf539doctype
15:57:30.944 [main] TRACE - Resolving type for handle ctworksheet530dtype
15:57:30.947 [main] TRACE - Resolving type for handle ctcols627ctype
15:57:30.948 [main] TRACE - Resolving type for handle ctcola95ftype
15:57:30.953 [main] TRACE - Resolving type for handle ctsheetdata8408type
15:57:30.954 [main] TRACE - Resolving type for handle ctrowdd39type
15:57:30.956 [main] TRACE - Resolving type for handle ctcell842btype
15:57:30.958 [main] TRACE - Resolving type for handle stcellrefe4e0type
15:57:30.960 [main] TRACE - Resolving type for handle cthyperlinks6416type
15:57:30.961 [main] TRACE - Resolving type for handle cthyperlink0c85type
15:57:30.963 [main] TRACE - Resolving type for handle stcelltypebf95type
15:57:39.783 [main] INFO  - GoTo my account > Click on Login button
15:57:40.345 [main] DEBUG - Parsing relationship: /xl/_rels/workbook.xml.rels
15:57:40.346 [main] DEBUG - Parsing relationship: /xl/worksheets/_rels/sheet1.xml.rels
15:57:40.346 [main] DEBUG - Parsing relationship: /_rels/.rels
15:57:46.203 [main] INFO  - GoTo my account > Click on Login button
15:57:46.804 [main] DEBUG - Parsing relationship: /xl/_rels/workbook.xml.rels
15:57:46.804 [main] DEBUG - Parsing relationship: /xl/worksheets/_rels/sheet1.xml.rels
15:57:46.805 [main] DEBUG - Parsing relationship: /_rels/.rels
15:57:52.265 [main] INFO  - GoTo my account > Click on Login button
15:57:52.803 [main] DEBUG - Parsing relationship: /xl/_rels/workbook.xml.rels
15:57:52.803 [main] DEBUG - Parsing relationship: /xl/worksheets/_rels/sheet1.xml.rels
15:57:52.804 [main] DEBUG - Parsing relationship: /_rels/.rels
15:58:02.101 [main] INFO  - GoTo my account > Click on Login button
15:58:02.645 [main] DEBUG - Parsing relationship: /xl/_rels/workbook.xml.rels
15:58:02.647 [main] DEBUG - Parsing relationship: /xl/worksheets/_rels/sheet1.xml.rels
15:58:02.647 [main] DEBUG - Parsing relationship: /_rels/.rels
16:08:18.721 [main] INFO  - GoTo my account > Click on Login button
16:08:19.319 [main] INFO  - Enter Email and Password
16:08:20.638 [main] INFO  - Click on Login button
16:08:20.817 [main] INFO  - Sucessfully reached My Accout Page
16:08:24.057 [main] INFO  - GoTo my account > Click on Login button
16:08:24.724 [main] INFO  - Enter Email and Password
16:08:25.932 [main] INFO  - Click on Login button
16:08:31.170 [main] INFO  - Login Failed
16:08:34.698 [main] INFO  - GoTo my account > Click on Login button
16:08:35.375 [main] INFO  - Enter Email and Password
16:08:36.819 [main] INFO  - Click on Login button
16:08:41.995 [main] INFO  - Login Failed
16:08:46.415 [main] INFO  - GoTo my account > Click on Login button
16:08:47.066 [main] INFO  - Enter Email and Password
16:08:48.003 [main] INFO  - Click on Login button
16:08:52.347 [main] INFO  - GoTo my account > Click on Login button
16:08:53.017 [main] DEBUG - Parsing relationship: /xl/_rels/workbook.xml.rels
16:08:53.018 [main] DEBUG - Parsing relationship: /xl/worksheets/_rels/sheet1.xml.rels
16:08:53.019 [main] DEBUG - Parsing relationship: /_rels/.rels
16:08:53.072 [main] TRACE - Loading type system org.apache.poi.schemas.ooxml.system.ooxml
16:08:53.073 [main] TRACE - Loading type system org.apache.xmlbeans.metadata.system.sXMLCONFIG
16:08:53.074 [main] TRACE - Loading type system org.apache.xmlbeans.metadata.system.sXMLLANG
16:08:53.074 [main] TRACE - Loading type system org.apache.xmlbeans.metadata.system.sXMLSCHEMA
16:08:53.074 [main] TRACE - Loading type system org.apache.xmlbeans.metadata.system.sXMLTOOLS
16:08:53.074 [main] TRACE - Reading unresolved handles for type system org.apache.xmlbeans.metadata.system.sXMLTOOLS
16:08:53.078 [main] TRACE - Finished loading type system org.apache.xmlbeans.metadata.system.sXMLTOOLS
16:08:53.078 [main] TRACE - Reading unresolved handles for type system org.apache.xmlbeans.metadata.system.sXMLSCHEMA
16:08:53.081 [main] TRACE - Finished loading type system org.apache.xmlbeans.metadata.system.sXMLSCHEMA
16:08:53.081 [main] TRACE - Reading unresolved handles for type system org.apache.xmlbeans.metadata.system.sXMLLANG
16:08:53.081 [main] TRACE - Finished loading type system org.apache.xmlbeans.metadata.system.sXMLLANG
16:08:53.081 [main] TRACE - Reading unresolved handles for type system org.apache.xmlbeans.metadata.system.sXMLCONFIG
16:08:53.082 [main] TRACE - Finished loading type system org.apache.xmlbeans.metadata.system.sXMLCONFIG
16:08:53.082 [main] TRACE - Reading unresolved handles for type system org.apache.poi.schemas.ooxml.system.ooxml
16:08:53.107 [main] TRACE - Finished loading type system org.apache.poi.schemas.ooxml.system.ooxml
16:08:53.107 [main] TRACE - Resolving type for handle themefd26doctype
16:08:53.126 [main] TRACE - Resolving type for handle sstf81fdoctype
16:08:53.128 [main] TRACE - Resolving type for handle ctsst44f3type
16:08:53.132 [main] TRACE - Resolving type for handle ctrsta472type
16:08:53.137 [main] TRACE - Resolving type for handle stylesheet5d8bdoctype
16:08:53.144 [main] TRACE - Resolving type for handle ctstylesheet4257type
16:08:53.146 [main] TRACE - Resolving type for handle ctnumfmtsb58btype
16:08:53.147 [main] TRACE - Resolving type for handle ctnumfmt3870type
16:08:53.147 [main] TRACE - Resolving type for handle stnumfmtid76fbtype
16:08:53.148 [main] TRACE - Resolving type for handle stxstringf179type
16:08:53.148 [main] TRACE - Resolving type for handle ctfonts6623type
16:08:53.149 [main] TRACE - Resolving type for handle ctfont14d8type
16:08:53.151 [main] TRACE - Resolving type for handle ctfills2c6ftype
16:08:53.152 [main] TRACE - Resolving type for handle ctfill550ctype
16:08:53.152 [main] TRACE - Resolving type for handle ctborders0d66type
16:08:53.153 [main] TRACE - Resolving type for handle ctborderf935type
16:08:53.154 [main] TRACE - Resolving type for handle ctcellxfs1322type
16:08:53.155 [main] TRACE - Resolving type for handle ctxf97f7type
16:08:53.156 [main] TRACE - Resolving type for handle ctcellstylexfsa81ftype
16:08:53.156 [main] TRACE - Resolving type for handle cttablestyles872ftype
16:08:53.157 [main] TRACE - Resolving type for handle workbookec17doctype
16:08:53.159 [main] TRACE - Resolving type for handle ctworkbook83c3type
16:08:53.160 [main] TRACE - Resolving type for handle ctsheets49fdtype
16:08:53.160 [main] TRACE - Resolving type for handle ctsheet4dbetype
16:08:53.161 [main] TRACE - Resolving type for handle strelationshipid1e94type
16:08:53.162 [main] TRACE - Resolving type for handle worksheetf539doctype
16:08:53.163 [main] TRACE - Resolving type for handle ctworksheet530dtype
16:08:53.166 [main] TRACE - Resolving type for handle ctcols627ctype
16:08:53.167 [main] TRACE - Resolving type for handle ctcola95ftype
16:08:53.172 [main] TRACE - Resolving type for handle ctsheetdata8408type
16:08:53.173 [main] TRACE - Resolving type for handle ctrowdd39type
16:08:53.174 [main] TRACE - Resolving type for handle ctcell842btype
16:08:53.176 [main] TRACE - Resolving type for handle stcellrefe4e0type
16:08:53.178 [main] TRACE - Resolving type for handle cthyperlinks6416type
16:08:53.179 [main] TRACE - Resolving type for handle cthyperlink0c85type
16:08:53.181 [main] TRACE - Resolving type for handle stcelltypebf95type
16:09:01.923 [main] INFO  - GoTo my account > Click on Login button
16:09:02.823 [main] DEBUG - Parsing relationship: /xl/_rels/workbook.xml.rels
16:09:02.823 [main] DEBUG - Parsing relationship: /xl/worksheets/_rels/sheet1.xml.rels
16:09:02.823 [main] DEBUG - Parsing relationship: /_rels/.rels
16:09:08.942 [main] INFO  - GoTo my account > Click on Login button
16:09:09.488 [main] DEBUG - Parsing relationship: /xl/_rels/workbook.xml.rels
16:09:09.488 [main] DEBUG - Parsing relationship: /xl/worksheets/_rels/sheet1.xml.rels
16:09:09.489 [main] DEBUG - Parsing relationship: /_rels/.rels
16:09:15.157 [main] INFO  - GoTo my account > Click on Login button
16:09:15.824 [main] DEBUG - Parsing relationship: /xl/_rels/workbook.xml.rels
16:09:15.824 [main] DEBUG - Parsing relationship: /xl/worksheets/_rels/sheet1.xml.rels
16:09:15.825 [main] DEBUG - Parsing relationship: /_rels/.rels
16:09:25.004 [main] INFO  - GoTo my account > Click on Login button
16:09:25.550 [main] DEBUG - Parsing relationship: /xl/_rels/workbook.xml.rels
16:09:25.551 [main] DEBUG - Parsing relationship: /xl/worksheets/_rels/sheet1.xml.rels
16:09:25.551 [main] DEBUG - Parsing relationship: /_rels/.rels
16:12:48.886 [main] INFO  - GoTo my account > Click on Login button
16:12:49.575 [main] INFO  - Enter Email and Password
16:12:50.902 [main] INFO  - Click on Login button
16:12:56.079 [main] INFO  - Login Failed
16:12:59.531 [main] INFO  - GoTo my account > Click on Login button
16:13:00.067 [main] INFO  - Enter Email and Password
16:13:00.869 [main] INFO  - Click on Login button
16:14:12.751 [main] INFO  - GoTo my account > Click on Login button
16:14:13.328 [main] INFO  - Enter Email and Password
16:14:14.245 [main] INFO  - Click on Login button
16:14:17.526 [main] INFO  - GoTo my account > Click on Login button
16:14:18.149 [main] DEBUG - Parsing relationship: /xl/_rels/workbook.xml.rels
16:14:18.150 [main] DEBUG - Parsing relationship: /xl/worksheets/_rels/sheet1.xml.rels
16:14:18.150 [main] DEBUG - Parsing relationship: /_rels/.rels
16:14:18.203 [main] TRACE - Loading type system org.apache.poi.schemas.ooxml.system.ooxml
16:14:18.204 [main] TRACE - Loading type system org.apache.xmlbeans.metadata.system.sXMLCONFIG
16:14:18.204 [main] TRACE - Loading type system org.apache.xmlbeans.metadata.system.sXMLLANG
16:14:18.204 [main] TRACE - Loading type system org.apache.xmlbeans.metadata.system.sXMLSCHEMA
16:14:18.204 [main] TRACE - Loading type system org.apache.xmlbeans.metadata.system.sXMLTOOLS
16:14:18.205 [main] TRACE - Reading unresolved handles for type system org.apache.xmlbeans.metadata.system.sXMLTOOLS
16:14:18.212 [main] TRACE - Finished loading type system org.apache.xmlbeans.metadata.system.sXMLTOOLS
16:14:18.213 [main] TRACE - Reading unresolved handles for type system org.apache.xmlbeans.metadata.system.sXMLSCHEMA
16:14:18.215 [main] TRACE - Finished loading type system org.apache.xmlbeans.metadata.system.sXMLSCHEMA
16:14:18.215 [main] TRACE - Reading unresolved handles for type system org.apache.xmlbeans.metadata.system.sXMLLANG
16:14:18.215 [main] TRACE - Finished loading type system org.apache.xmlbeans.metadata.system.sXMLLANG
16:14:18.215 [main] TRACE - Reading unresolved handles for type system org.apache.xmlbeans.metadata.system.sXMLCONFIG
16:14:18.216 [main] TRACE - Finished loading type system org.apache.xmlbeans.metadata.system.sXMLCONFIG
16:14:18.216 [main] TRACE - Reading unresolved handles for type system org.apache.poi.schemas.ooxml.system.ooxml
16:14:18.243 [main] TRACE - Finished loading type system org.apache.poi.schemas.ooxml.system.ooxml
16:14:18.244 [main] TRACE - Resolving type for handle themefd26doctype
16:14:18.265 [main] TRACE - Resolving type for handle sstf81fdoctype
16:14:18.267 [main] TRACE - Resolving type for handle ctsst44f3type
16:14:18.272 [main] TRACE - Resolving type for handle ctrsta472type
16:14:18.278 [main] TRACE - Resolving type for handle stylesheet5d8bdoctype
16:14:18.284 [main] TRACE - Resolving type for handle ctstylesheet4257type
16:14:18.286 [main] TRACE - Resolving type for handle ctnumfmtsb58btype
16:14:18.287 [main] TRACE - Resolving type for handle ctnumfmt3870type
16:14:18.287 [main] TRACE - Resolving type for handle stnumfmtid76fbtype
16:14:18.288 [main] TRACE - Resolving type for handle stxstringf179type
16:14:18.289 [main] TRACE - Resolving type for handle ctfonts6623type
16:14:18.290 [main] TRACE - Resolving type for handle ctfont14d8type
16:14:18.292 [main] TRACE - Resolving type for handle ctfills2c6ftype
16:14:18.293 [main] TRACE - Resolving type for handle ctfill550ctype
16:14:18.293 [main] TRACE - Resolving type for handle ctborders0d66type
16:14:18.294 [main] TRACE - Resolving type for handle ctborderf935type
16:14:18.295 [main] TRACE - Resolving type for handle ctcellxfs1322type
16:14:18.296 [main] TRACE - Resolving type for handle ctxf97f7type
16:14:18.297 [main] TRACE - Resolving type for handle ctcellstylexfsa81ftype
16:14:18.297 [main] TRACE - Resolving type for handle cttablestyles872ftype
16:14:18.298 [main] TRACE - Resolving type for handle workbookec17doctype
16:14:18.300 [main] TRACE - Resolving type for handle ctworkbook83c3type
16:14:18.302 [main] TRACE - Resolving type for handle ctsheets49fdtype
16:14:18.302 [main] TRACE - Resolving type for handle ctsheet4dbetype
16:14:18.303 [main] TRACE - Resolving type for handle strelationshipid1e94type
16:14:18.303 [main] TRACE - Resolving type for handle worksheetf539doctype
16:14:18.305 [main] TRACE - Resolving type for handle ctworksheet530dtype
16:14:18.308 [main] TRACE - Resolving type for handle ctcols627ctype
16:14:18.309 [main] TRACE - Resolving type for handle ctcola95ftype
16:14:18.314 [main] TRACE - Resolving type for handle ctsheetdata8408type
16:14:18.315 [main] TRACE - Resolving type for handle ctrowdd39type
16:14:18.316 [main] TRACE - Resolving type for handle ctcell842btype
16:14:18.319 [main] TRACE - Resolving type for handle stcellrefe4e0type
16:14:18.320 [main] TRACE - Resolving type for handle cthyperlinks6416type
16:14:18.321 [main] TRACE - Resolving type for handle cthyperlink0c85type
16:14:18.323 [main] TRACE - Resolving type for handle stcelltypebf95type
16:14:28.007 [main] INFO  - GoTo my account > Click on Login button
16:14:28.633 [main] DEBUG - Parsing relationship: /xl/_rels/workbook.xml.rels
16:14:28.634 [main] DEBUG - Parsing relationship: /xl/worksheets/_rels/sheet1.xml.rels
16:14:28.634 [main] DEBUG - Parsing relationship: /_rels/.rels
16:14:34.077 [main] INFO  - GoTo my account > Click on Login button
16:14:34.693 [main] DEBUG - Parsing relationship: /xl/_rels/workbook.xml.rels
16:14:34.694 [main] DEBUG - Parsing relationship: /xl/worksheets/_rels/sheet1.xml.rels
16:14:34.694 [main] DEBUG - Parsing relationship: /_rels/.rels
16:14:39.796 [main] INFO  - GoTo my account > Click on Login button
16:14:40.430 [main] DEBUG - Parsing relationship: /xl/_rels/workbook.xml.rels
16:14:40.430 [main] DEBUG - Parsing relationship: /xl/worksheets/_rels/sheet1.xml.rels
16:14:40.430 [main] DEBUG - Parsing relationship: /_rels/.rels
16:14:49.801 [main] INFO  - GoTo my account > Click on Login button
16:14:50.417 [main] DEBUG - Parsing relationship: /xl/_rels/workbook.xml.rels
16:14:50.417 [main] DEBUG - Parsing relationship: /xl/worksheets/_rels/sheet1.xml.rels
16:14:50.418 [main] DEBUG - Parsing relationship: /_rels/.rels
16:15:44.068 [main] INFO  - GoTo my account > Click on Login button
16:15:44.627 [main] INFO  - Enter Email and Password
16:15:45.485 [main] INFO  - Click on Login button
16:17:25.829 [main] INFO  - GoTo my account > Click on Login button
16:17:26.380 [main] INFO  - Enter Email and Password
16:17:27.163 [main] INFO  - Click on Login button
16:19:18.280 [main] INFO  - GoTo my account > Click on Login button
16:19:18.876 [main] INFO  - Enter Email and Password
16:19:19.482 [main] INFO  - Click on Login button
16:20:53.546 [main] INFO  - GoTo my account > Click on Login button
16:20:54.198 [main] INFO  - Enter Email and Password
16:20:54.946 [main] INFO  - Click on Login button
16:21:17.540 [main] INFO  - Login Failed
16:22:42.811 [main] INFO  - GoTo my account > Click on Login button
16:22:43.358 [main] INFO  - Enter Email and Password
16:22:44.020 [main] INFO  - Click on Login button
16:22:49.266 [main] INFO  - Login Failed
18:56:22.655 [main] INFO  - GoTo my account > Click on Login button
18:56:23.292 [main] INFO  - Enter Email and Password
18:56:24.577 [main] INFO  - Click on Login button
18:56:29.787 [main] INFO  - Login Failed
18:57:41.505 [main] INFO  - GoTo my account > Click on Login button
18:57:42.131 [main] INFO  - Enter Email and Password
18:57:43.415 [main] INFO  - Click on Login button
18:57:48.620 [main] INFO  - Login Failed
18:57:51.667 [main] INFO  - GoTo my account > Click on Login button
18:57:52.197 [main] INFO  - Enter Email and Password
18:57:52.992 [main] INFO  - Click on Login button
18:57:57.018 [main] INFO  - GoTo my account > Click on Login button
18:57:57.693 [main] DEBUG - Parsing relationship: /xl/_rels/workbook.xml.rels
18:57:57.694 [main] DEBUG - Parsing relationship: /xl/worksheets/_rels/sheet1.xml.rels
18:57:57.694 [main] DEBUG - Parsing relationship: /_rels/.rels
18:57:57.748 [main] TRACE - Loading type system org.apache.poi.schemas.ooxml.system.ooxml
18:57:57.749 [main] TRACE - Loading type system org.apache.xmlbeans.metadata.system.sXMLCONFIG
18:57:57.749 [main] TRACE - Loading type system org.apache.xmlbeans.metadata.system.sXMLLANG
18:57:57.750 [main] TRACE - Loading type system org.apache.xmlbeans.metadata.system.sXMLSCHEMA
18:57:57.750 [main] TRACE - Loading type system org.apache.xmlbeans.metadata.system.sXMLTOOLS
18:57:57.750 [main] TRACE - Reading unresolved handles for type system org.apache.xmlbeans.metadata.system.sXMLTOOLS
18:57:57.754 [main] TRACE - Finished loading type system org.apache.xmlbeans.metadata.system.sXMLTOOLS
18:57:57.754 [main] TRACE - Reading unresolved handles for type system org.apache.xmlbeans.metadata.system.sXMLSCHEMA
18:57:57.756 [main] TRACE - Finished loading type system org.apache.xmlbeans.metadata.system.sXMLSCHEMA
18:57:57.757 [main] TRACE - Reading unresolved handles for type system org.apache.xmlbeans.metadata.system.sXMLLANG
18:57:57.757 [main] TRACE - Finished loading type system org.apache.xmlbeans.metadata.system.sXMLLANG
18:57:57.757 [main] TRACE - Reading unresolved handles for type system org.apache.xmlbeans.metadata.system.sXMLCONFIG
18:57:57.757 [main] TRACE - Finished loading type system org.apache.xmlbeans.metadata.system.sXMLCONFIG
18:57:57.757 [main] TRACE - Reading unresolved handles for type system org.apache.poi.schemas.ooxml.system.ooxml
18:57:57.786 [main] TRACE - Finished loading type system org.apache.poi.schemas.ooxml.system.ooxml
18:57:57.787 [main] TRACE - Resolving type for handle themefd26doctype
18:57:57.804 [main] TRACE - Resolving type for handle sstf81fdoctype
18:57:57.805 [main] TRACE - Resolving type for handle ctsst44f3type
18:57:57.809 [main] TRACE - Resolving type for handle ctrsta472type
18:57:57.815 [main] TRACE - Resolving type for handle stylesheet5d8bdoctype
18:57:57.821 [main] TRACE - Resolving type for handle ctstylesheet4257type
18:57:57.823 [main] TRACE - Resolving type for handle ctnumfmtsb58btype
18:57:57.824 [main] TRACE - Resolving type for handle ctnumfmt3870type
18:57:57.824 [main] TRACE - Resolving type for handle stnumfmtid76fbtype
18:57:57.825 [main] TRACE - Resolving type for handle stxstringf179type
18:57:57.826 [main] TRACE - Resolving type for handle ctfonts6623type
18:57:57.827 [main] TRACE - Resolving type for handle ctfont14d8type
18:57:57.829 [main] TRACE - Resolving type for handle ctfills2c6ftype
18:57:57.829 [main] TRACE - Resolving type for handle ctfill550ctype
18:57:57.830 [main] TRACE - Resolving type for handle ctborders0d66type
18:57:57.831 [main] TRACE - Resolving type for handle ctborderf935type
18:57:57.831 [main] TRACE - Resolving type for handle ctcellxfs1322type
18:57:57.832 [main] TRACE - Resolving type for handle ctxf97f7type
18:57:57.833 [main] TRACE - Resolving type for handle ctcellstylexfsa81ftype
18:57:57.834 [main] TRACE - Resolving type for handle cttablestyles872ftype
18:57:57.835 [main] TRACE - Resolving type for handle workbookec17doctype
18:57:57.836 [main] TRACE - Resolving type for handle ctworkbook83c3type
18:57:57.837 [main] TRACE - Resolving type for handle ctsheets49fdtype
18:57:57.838 [main] TRACE - Resolving type for handle ctsheet4dbetype
18:57:57.839 [main] TRACE - Resolving type for handle strelationshipid1e94type
18:57:57.839 [main] TRACE - Resolving type for handle worksheetf539doctype
18:57:57.841 [main] TRACE - Resolving type for handle ctworksheet530dtype
18:57:57.843 [main] TRACE - Resolving type for handle ctcols627ctype
18:57:57.844 [main] TRACE - Resolving type for handle ctcola95ftype
18:57:57.849 [main] TRACE - Resolving type for handle ctsheetdata8408type
18:57:57.850 [main] TRACE - Resolving type for handle ctrowdd39type
18:57:57.852 [main] TRACE - Resolving type for handle ctcell842btype
18:57:57.854 [main] TRACE - Resolving type for handle stcellrefe4e0type
18:57:57.856 [main] TRACE - Resolving type for handle cthyperlinks6416type
18:57:57.857 [main] TRACE - Resolving type for handle cthyperlink0c85type
18:57:57.859 [main] TRACE - Resolving type for handle stcelltypebf95type
18:58:06.540 [main] INFO  - GoTo my account > Click on Login button
18:58:07.067 [main] DEBUG - Parsing relationship: /xl/_rels/workbook.xml.rels
18:58:07.067 [main] DEBUG - Parsing relationship: /xl/worksheets/_rels/sheet1.xml.rels
18:58:07.068 [main] DEBUG - Parsing relationship: /_rels/.rels
18:58:11.793 [main] INFO  - GoTo my account > Click on Login button
18:58:12.397 [main] DEBUG - Parsing relationship: /xl/_rels/workbook.xml.rels
18:58:12.398 [main] DEBUG - Parsing relationship: /xl/worksheets/_rels/sheet1.xml.rels
18:58:12.398 [main] DEBUG - Parsing relationship: /_rels/.rels
18:58:17.167 [main] INFO  - GoTo my account > Click on Login button
18:58:17.686 [main] DEBUG - Parsing relationship: /xl/_rels/workbook.xml.rels
18:58:17.687 [main] DEBUG - Parsing relationship: /xl/worksheets/_rels/sheet1.xml.rels
18:58:17.687 [main] DEBUG - Parsing relationship: /_rels/.rels
18:58:26.244 [main] INFO  - GoTo my account > Click on Login button
18:58:26.769 [main] DEBUG - Parsing relationship: /xl/_rels/workbook.xml.rels
18:58:26.769 [main] DEBUG - Parsing relationship: /xl/worksheets/_rels/sheet1.xml.rels
18:58:26.770 [main] DEBUG - Parsing relationship: /_rels/.rels
19:04:42.473 [main] INFO  - GoTo my account > Click on Login button
19:04:43.221 [main] INFO  - Enter Email and Password
19:04:44.498 [main] INFO  - Click on Login button
19:04:49.720 [main] INFO  - Login Failed
19:04:52.673 [main] INFO  - GoTo my account > Click on Login button
19:04:53.217 [main] INFO  - Enter Email and Password
19:04:54.017 [main] INFO  - Click on Login button
19:04:57.451 [main] INFO  - GoTo my account > Click on Login button
19:04:58.062 [main] DEBUG - Parsing relationship: /xl/_rels/workbook.xml.rels
19:04:58.063 [main] DEBUG - Parsing relationship: /xl/worksheets/_rels/sheet1.xml.rels
19:04:58.063 [main] DEBUG - Parsing relationship: /_rels/.rels
19:04:58.119 [main] TRACE - Loading type system org.apache.poi.schemas.ooxml.system.ooxml
19:04:58.120 [main] TRACE - Loading type system org.apache.xmlbeans.metadata.system.sXMLCONFIG
19:04:58.120 [main] TRACE - Loading type system org.apache.xmlbeans.metadata.system.sXMLLANG
19:04:58.120 [main] TRACE - Loading type system org.apache.xmlbeans.metadata.system.sXMLSCHEMA
19:04:58.120 [main] TRACE - Loading type system org.apache.xmlbeans.metadata.system.sXMLTOOLS
19:04:58.121 [main] TRACE - Reading unresolved handles for type system org.apache.xmlbeans.metadata.system.sXMLTOOLS
19:04:58.125 [main] TRACE - Finished loading type system org.apache.xmlbeans.metadata.system.sXMLTOOLS
19:04:58.125 [main] TRACE - Reading unresolved handles for type system org.apache.xmlbeans.metadata.system.sXMLSCHEMA
19:04:58.127 [main] TRACE - Finished loading type system org.apache.xmlbeans.metadata.system.sXMLSCHEMA
19:04:58.127 [main] TRACE - Reading unresolved handles for type system org.apache.xmlbeans.metadata.system.sXMLLANG
19:04:58.128 [main] TRACE - Finished loading type system org.apache.xmlbeans.metadata.system.sXMLLANG
19:04:58.128 [main] TRACE - Reading unresolved handles for type system org.apache.xmlbeans.metadata.system.sXMLCONFIG
19:04:58.128 [main] TRACE - Finished loading type system org.apache.xmlbeans.metadata.system.sXMLCONFIG
19:04:58.128 [main] TRACE - Reading unresolved handles for type system org.apache.poi.schemas.ooxml.system.ooxml
19:04:58.156 [main] TRACE - Finished loading type system org.apache.poi.schemas.ooxml.system.ooxml
19:04:58.156 [main] TRACE - Resolving type for handle themefd26doctype
19:04:58.175 [main] TRACE - Resolving type for handle sstf81fdoctype
19:04:58.177 [main] TRACE - Resolving type for handle ctsst44f3type
19:04:58.181 [main] TRACE - Resolving type for handle ctrsta472type
19:04:58.188 [main] TRACE - Resolving type for handle stylesheet5d8bdoctype
19:04:58.194 [main] TRACE - Resolving type for handle ctstylesheet4257type
19:04:58.196 [main] TRACE - Resolving type for handle ctnumfmtsb58btype
19:04:58.197 [main] TRACE - Resolving type for handle ctnumfmt3870type
19:04:58.197 [main] TRACE - Resolving type for handle stnumfmtid76fbtype
19:04:58.198 [main] TRACE - Resolving type for handle stxstringf179type
19:04:58.199 [main] TRACE - Resolving type for handle ctfonts6623type
19:04:58.200 [main] TRACE - Resolving type for handle ctfont14d8type
19:04:58.202 [main] TRACE - Resolving type for handle ctfills2c6ftype
19:04:58.202 [main] TRACE - Resolving type for handle ctfill550ctype
19:04:58.203 [main] TRACE - Resolving type for handle ctborders0d66type
19:04:58.204 [main] TRACE - Resolving type for handle ctborderf935type
19:04:58.205 [main] TRACE - Resolving type for handle ctcellxfs1322type
19:04:58.206 [main] TRACE - Resolving type for handle ctxf97f7type
19:04:58.207 [main] TRACE - Resolving type for handle ctcellstylexfsa81ftype
19:04:58.207 [main] TRACE - Resolving type for handle cttablestyles872ftype
19:04:58.208 [main] TRACE - Resolving type for handle workbookec17doctype
19:04:58.209 [main] TRACE - Resolving type for handle ctworkbook83c3type
19:04:58.211 [main] TRACE - Resolving type for handle ctsheets49fdtype
19:04:58.211 [main] TRACE - Resolving type for handle ctsheet4dbetype
19:04:58.212 [main] TRACE - Resolving type for handle strelationshipid1e94type
19:04:58.213 [main] TRACE - Resolving type for handle worksheetf539doctype
19:04:58.214 [main] TRACE - Resolving type for handle ctworksheet530dtype
19:04:58.217 [main] TRACE - Resolving type for handle ctcols627ctype
19:04:58.218 [main] TRACE - Resolving type for handle ctcola95ftype
19:04:58.224 [main] TRACE - Resolving type for handle ctsheetdata8408type
19:04:58.224 [main] TRACE - Resolving type for handle ctrowdd39type
19:04:58.226 [main] TRACE - Resolving type for handle ctcell842btype
19:04:58.229 [main] TRACE - Resolving type for handle stcellrefe4e0type
19:04:58.230 [main] TRACE - Resolving type for handle cthyperlinks6416type
19:04:58.231 [main] TRACE - Resolving type for handle cthyperlink0c85type
19:04:58.234 [main] TRACE - Resolving type for handle stcelltypebf95type
19:05:07.789 [main] INFO  - GoTo my account > Click on Login button
19:05:08.417 [main] DEBUG - Parsing relationship: /xl/_rels/workbook.xml.rels
19:05:08.417 [main] DEBUG - Parsing relationship: /xl/worksheets/_rels/sheet1.xml.rels
19:05:08.418 [main] DEBUG - Parsing relationship: /_rels/.rels
19:05:13.754 [main] INFO  - GoTo my account > Click on Login button
19:05:14.318 [main] DEBUG - Parsing relationship: /xl/_rels/workbook.xml.rels
19:05:14.318 [main] DEBUG - Parsing relationship: /xl/worksheets/_rels/sheet1.xml.rels
19:05:14.319 [main] DEBUG - Parsing relationship: /_rels/.rels
19:05:19.373 [main] INFO  - GoTo my account > Click on Login button
19:05:19.951 [main] DEBUG - Parsing relationship: /xl/_rels/workbook.xml.rels
19:05:19.952 [main] DEBUG - Parsing relationship: /xl/worksheets/_rels/sheet1.xml.rels
19:05:19.952 [main] DEBUG - Parsing relationship: /_rels/.rels
19:05:29.499 [main] INFO  - GoTo my account > Click on Login button
19:05:30.176 [main] DEBUG - Parsing relationship: /xl/_rels/workbook.xml.rels
19:05:30.176 [main] DEBUG - Parsing relationship: /xl/worksheets/_rels/sheet1.xml.rels
19:05:30.176 [main] DEBUG - Parsing relationship: /_rels/.rels
19:07:58.551 [main] INFO  - GoTo my account > Click on Login button
19:07:59.203 [main] INFO  - Enter Email and Password
19:08:00.498 [main] INFO  - Click on Login button
19:08:05.685 [main] INFO  - Login Failed
19:09:02.728 [main] INFO  - GoTo my account > Click on Login button
19:09:03.508 [main] INFO  - Enter Email and Password
19:09:05.134 [main] INFO  - Click on Login button
19:09:05.333 [main] INFO  - Sucessfully reached My Accout Page
19:09:08.379 [main] INFO  - GoTo my account > Click on Login button
19:09:08.951 [main] DEBUG - Parsing relationship: /xl/_rels/workbook.xml.rels
19:09:08.952 [main] DEBUG - Parsing relationship: /xl/worksheets/_rels/sheet1.xml.rels
19:09:08.952 [main] DEBUG - Parsing relationship: /_rels/.rels
19:09:09.009 [main] TRACE - Loading type system org.apache.poi.schemas.ooxml.system.ooxml
19:09:09.010 [main] TRACE - Loading type system org.apache.xmlbeans.metadata.system.sXMLCONFIG
19:09:09.011 [main] TRACE - Loading type system org.apache.xmlbeans.metadata.system.sXMLLANG
19:09:09.011 [main] TRACE - Loading type system org.apache.xmlbeans.metadata.system.sXMLSCHEMA
19:09:09.011 [main] TRACE - Loading type system org.apache.xmlbeans.metadata.system.sXMLTOOLS
19:09:09.011 [main] TRACE - Reading unresolved handles for type system org.apache.xmlbeans.metadata.system.sXMLTOOLS
19:09:09.015 [main] TRACE - Finished loading type system org.apache.xmlbeans.metadata.system.sXMLTOOLS
19:09:09.016 [main] TRACE - Reading unresolved handles for type system org.apache.xmlbeans.metadata.system.sXMLSCHEMA
19:09:09.018 [main] TRACE - Finished loading type system org.apache.xmlbeans.metadata.system.sXMLSCHEMA
19:09:09.018 [main] TRACE - Reading unresolved handles for type system org.apache.xmlbeans.metadata.system.sXMLLANG
19:09:09.018 [main] TRACE - Finished loading type system org.apache.xmlbeans.metadata.system.sXMLLANG
19:09:09.019 [main] TRACE - Reading unresolved handles for type system org.apache.xmlbeans.metadata.system.sXMLCONFIG
19:09:09.019 [main] TRACE - Finished loading type system org.apache.xmlbeans.metadata.system.sXMLCONFIG
19:09:09.019 [main] TRACE - Reading unresolved handles for type system org.apache.poi.schemas.ooxml.system.ooxml
19:09:09.046 [main] TRACE - Finished loading type system org.apache.poi.schemas.ooxml.system.ooxml
19:09:09.046 [main] TRACE - Resolving type for handle themefd26doctype
19:09:09.064 [main] TRACE - Resolving type for handle sstf81fdoctype
19:09:09.066 [main] TRACE - Resolving type for handle ctsst44f3type
19:09:09.070 [main] TRACE - Resolving type for handle ctrsta472type
19:09:09.076 [main] TRACE - Resolving type for handle stylesheet5d8bdoctype
19:09:09.083 [main] TRACE - Resolving type for handle ctstylesheet4257type
19:09:09.084 [main] TRACE - Resolving type for handle ctnumfmtsb58btype
19:09:09.086 [main] TRACE - Resolving type for handle ctnumfmt3870type
19:09:09.086 [main] TRACE - Resolving type for handle stnumfmtid76fbtype
19:09:09.087 [main] TRACE - Resolving type for handle stxstringf179type
19:09:09.088 [main] TRACE - Resolving type for handle ctfonts6623type
19:09:09.089 [main] TRACE - Resolving type for handle ctfont14d8type
19:09:09.091 [main] TRACE - Resolving type for handle ctfills2c6ftype
19:09:09.091 [main] TRACE - Resolving type for handle ctfill550ctype
19:09:09.092 [main] TRACE - Resolving type for handle ctborders0d66type
19:09:09.092 [main] TRACE - Resolving type for handle ctborderf935type
19:09:09.093 [main] TRACE - Resolving type for handle ctcellxfs1322type
19:09:09.094 [main] TRACE - Resolving type for handle ctxf97f7type
19:09:09.095 [main] TRACE - Resolving type for handle ctcellstylexfsa81ftype
19:09:09.095 [main] TRACE - Resolving type for handle cttablestyles872ftype
19:09:09.096 [main] TRACE - Resolving type for handle workbookec17doctype
19:09:09.098 [main] TRACE - Resolving type for handle ctworkbook83c3type
19:09:09.099 [main] TRACE - Resolving type for handle ctsheets49fdtype
19:09:09.100 [main] TRACE - Resolving type for handle ctsheet4dbetype
19:09:09.101 [main] TRACE - Resolving type for handle strelationshipid1e94type
19:09:09.101 [main] TRACE - Resolving type for handle worksheetf539doctype
19:09:09.103 [main] TRACE - Resolving type for handle ctworksheet530dtype
19:09:09.106 [main] TRACE - Resolving type for handle ctcols627ctype
19:09:09.107 [main] TRACE - Resolving type for handle ctcola95ftype
19:09:09.112 [main] TRACE - Resolving type for handle ctsheetdata8408type
19:09:09.112 [main] TRACE - Resolving type for handle ctrowdd39type
19:09:09.114 [main] TRACE - Resolving type for handle ctcell842btype
19:09:09.116 [main] TRACE - Resolving type for handle stcellrefe4e0type
19:09:09.118 [main] TRACE - Resolving type for handle cthyperlinks6416type
19:09:09.119 [main] TRACE - Resolving type for handle cthyperlink0c85type
19:09:09.122 [main] TRACE - Resolving type for handle stcelltypebf95type
19:09:18.072 [main] INFO  - GoTo my account > Click on Login button
19:09:18.654 [main] DEBUG - Parsing relationship: /xl/_rels/workbook.xml.rels
19:09:18.654 [main] DEBUG - Parsing relationship: /xl/worksheets/_rels/sheet1.xml.rels
19:09:18.655 [main] DEBUG - Parsing relationship: /_rels/.rels
19:09:23.814 [main] INFO  - GoTo my account > Click on Login button
19:09:24.438 [main] DEBUG - Parsing relationship: /xl/_rels/workbook.xml.rels
19:09:24.439 [main] DEBUG - Parsing relationship: /xl/worksheets/_rels/sheet1.xml.rels
19:09:24.439 [main] DEBUG - Parsing relationship: /_rels/.rels
19:09:29.081 [main] INFO  - GoTo my account > Click on Login button
19:09:29.601 [main] DEBUG - Parsing relationship: /xl/_rels/workbook.xml.rels
19:09:29.601 [main] DEBUG - Parsing relationship: /xl/worksheets/_rels/sheet1.xml.rels
19:09:29.602 [main] DEBUG - Parsing relationship: /_rels/.rels
19:09:39.186 [main] INFO  - GoTo my account > Click on Login button
19:09:39.800 [main] DEBUG - Parsing relationship: /xl/_rels/workbook.xml.rels
19:09:39.800 [main] DEBUG - Parsing relationship: /xl/worksheets/_rels/sheet1.xml.rels
19:09:39.801 [main] DEBUG - Parsing relationship: /_rels/.rels
19:13:22.993 [main] INFO  - GoTo my account > Click on Login button
19:13:23.600 [main] INFO  - Enter Email and Password
19:13:24.850 [main] INFO  - Click on Login button
19:13:25.040 [main] INFO  - Sucessfully reached My Accout Page
19:13:27.817 [main] INFO  - GoTo my account > Click on Login button
19:13:28.417 [main] DEBUG - Parsing relationship: /xl/_rels/workbook.xml.rels
19:13:28.418 [main] DEBUG - Parsing relationship: /xl/worksheets/_rels/sheet1.xml.rels
19:13:28.418 [main] DEBUG - Parsing relationship: /_rels/.rels
19:13:28.469 [main] TRACE - Loading type system org.apache.poi.schemas.ooxml.system.ooxml
19:13:28.470 [main] TRACE - Loading type system org.apache.xmlbeans.metadata.system.sXMLCONFIG
19:13:28.471 [main] TRACE - Loading type system org.apache.xmlbeans.metadata.system.sXMLLANG
19:13:28.471 [main] TRACE - Loading type system org.apache.xmlbeans.metadata.system.sXMLSCHEMA
19:13:28.471 [main] TRACE - Loading type system org.apache.xmlbeans.metadata.system.sXMLTOOLS
19:13:28.471 [main] TRACE - Reading unresolved handles for type system org.apache.xmlbeans.metadata.system.sXMLTOOLS
19:13:28.475 [main] TRACE - Finished loading type system org.apache.xmlbeans.metadata.system.sXMLTOOLS
19:13:28.475 [main] TRACE - Reading unresolved handles for type system org.apache.xmlbeans.metadata.system.sXMLSCHEMA
19:13:28.478 [main] TRACE - Finished loading type system org.apache.xmlbeans.metadata.system.sXMLSCHEMA
19:13:28.478 [main] TRACE - Reading unresolved handles for type system org.apache.xmlbeans.metadata.system.sXMLLANG
19:13:28.478 [main] TRACE - Finished loading type system org.apache.xmlbeans.metadata.system.sXMLLANG
19:13:28.478 [main] TRACE - Reading unresolved handles for type system org.apache.xmlbeans.metadata.system.sXMLCONFIG
19:13:28.479 [main] TRACE - Finished loading type system org.apache.xmlbeans.metadata.system.sXMLCONFIG
19:13:28.479 [main] TRACE - Reading unresolved handles for type system org.apache.poi.schemas.ooxml.system.ooxml
19:13:28.506 [main] TRACE - Finished loading type system org.apache.poi.schemas.ooxml.system.ooxml
19:13:28.507 [main] TRACE - Resolving type for handle themefd26doctype
19:13:28.525 [main] TRACE - Resolving type for handle sstf81fdoctype
